# JRE version: Java(TM) SE Runtime Environment (8.0_171-b11) (build 1.8.0_171-b11)
# Java VM: Java HotSpot(TM) 64-Bit Server VM (25.171-b11 mixed mode windows-amd64 compressed oops)
Heap:
 garbage-first heap   total 63488K, used 37119K [0x00000000c0000000, 0x00000000c01001f0, 0x0000000100000000)
  region size 1024K, 12 young (12288K), 2 survivors (2048K)
 Metaspace       used 38502K, capacity 40990K, committed 41216K, reserved 1085440K
  class space    used 4162K, capacity 5000K, committed 5120K, reserved 1048576K
GC Heap History (10 events):
Event: 23.010 GC heap before
{Heap before GC invocations=30 (full 0):
 garbage-first heap   total 63488K, used 54620K [0x00000000c0000000, 0x00000000c01001f0, 0x0000000100000000)
  region size 1024K, 35 young (35840K), 1 survivors (1024K)
 Metaspace       used 35898K, capacity 38220K, committed 38272K, reserved 1083392K
  class space    used 3940K, capacity 4686K, committed 4736K, reserved 1048576K
Event: 23.016 GC heap after
Heap after GC invocations=31 (full 0):
 garbage-first heap   total 63488K, used 23065K [0x00000000c0000000, 0x00000000c01001f0, 0x0000000100000000)
  region size 1024K, 5 young (5120K), 5 survivors (5120K)
 Metaspace       used 35898K, capacity 38220K, committed 38272K, reserved 1083392K
  class space    used 3940K, capacity 4686K, committed 4736K, reserved 1048576K
}
Event: 24.178 GC heap before
{Heap before GC invocations=31 (full 0):
 garbage-first heap   total 63488K, used 49689K [0x00000000c0000000, 0x00000000c01001f0, 0x0000000100000000)
  region size 1024K, 31 young (31744K), 5 survivors (5120K)
 Metaspace       used 36468K, capacity 38794K, committed 38912K, reserved 1083392K
  class space    used 4004K, capacity 4792K, committed 4864K, reserved 1048576K
Event: 24.187 GC heap after
Heap after GC invocations=32 (full 0):
 garbage-first heap   total 63488K, used 26450K [0x00000000c0000000, 0x00000000c01001f0, 0x0000000100000000)
  region size 1024K, 4 young (4096K), 4 survivors (4096K)
 Metaspace       used 36468K, capacity 38794K, committed 38912K, reserved 1083392K
  class space    used 4004K, capacity 4792K, committed 4864K, reserved 1048576K
}
Event: 29.082 GC heap before
{Heap before GC invocations=32 (full 0):
 garbage-first heap   total 63488K, used 52050K [0x00000000c0000000, 0x00000000c01001f0, 0x0000000100000000)
  region size 1024K, 29 young (29696K), 4 survivors (4096K)
 Metaspace       used 36511K, capacity 38794K, committed 38912K, reserved 1083392K
  class space    used 4006K, capacity 4792K, committed 4864K, reserved 1048576K
Event: 29.092 GC heap after
Heap after GC invocations=33 (full 0):
 garbage-first heap   total 63488K, used 28672K [0x00000000c0000000, 0x00000000c01001f0, 0x0000000100000000)
  region size 1024K, 3 young (3072K), 3 survivors (3072K)
 Metaspace       used 36511K, capacity 38794K, committed 38912K, reserved 1083392K
  class space    used 4006K, capacity 4792K, committed 4864K, reserved 1048576K
}
Event: 31.182 GC heap before
{Heap before GC invocations=33 (full 0):
 garbage-first heap   total 63488K, used 52224K [0x00000000c0000000, 0x00000000c01001f0, 0x0000000100000000)
  region size 1024K, 26 young (26624K), 3 survivors (3072K)
 Metaspace       used 36772K, capacity 39256K, committed 39424K, reserved 1083392K
  class space    used 4041K, capacity 4835K, committed 4864K, reserved 1048576K
Event: 31.188 GC heap after
Heap after GC invocations=34 (full 0):
 garbage-first heap   total 63488K, used 27353K [0x00000000c0000000, 0x00000000c01001f0, 0x0000000100000000)
  region size 1024K, 2 young (2048K), 2 survivors (2048K)
 Metaspace       used 36772K, capacity 39256K, committed 39424K, reserved 1083392K
  class space    used 4041K, capacity 4835K, committed 4864K, reserved 1048576K
}
Event: 31.745 GC heap before
{Heap before GC invocations=34 (full 0):
 garbage-first heap   total 63488K, used 52953K [0x00000000c0000000, 0x00000000c01001f0, 0x0000000100000000)
  region size 1024K, 27 young (27648K), 2 survivors (2048K)
 Metaspace       used 38178K, capacity 40612K, committed 40832K, reserved 1085440K
  class space    used 4113K, capacity 4903K, committed 4992K, reserved 1048576K
Event: 31.748 GC heap after
Heap after GC invocations=35 (full 0):
 garbage-first heap   total 63488K, used 27903K [0x00000000c0000000, 0x00000000c01001f0, 0x0000000100000000)
  region size 1024K, 2 young (2048K), 2 survivors (2048K)
 Metaspace       used 38178K, capacity 40612K, committed 40832K, reserved 1085440K
  class space    used 4113K, capacity 4903K, committed 4992K, reserved 1048576K
}

