# JRE version: Java(TM) SE Runtime Environment (8.0_171-b11) (build 1.8.0_171-b11)
# Java VM: Java HotSpot(TM) 64-Bit Server VM (25.171-b11 mixed mode windows-amd64 compressed oops)
Heap:
 garbage-first heap   total 63488K, used 19657K [0x00000000c0000000, 0x00000000c01001f0, 0x0000000100000000)
  region size 1024K, 14 young (14336K), 5 survivors (5120K)
 Metaspace       used 18659K, capacity 19838K, committed 20096K, reserved 1067008K
  class space    used 1827K, capacity 2169K, committed 2176K, reserved 1048576K
GC Heap History (10 events):
Event: 54.877 GC heap before
{Heap before GC invocations=5 (full 0):
 garbage-first heap   total 63488K, used 39703K [0x00000000c0000000, 0x00000000c01001f0, 0x0000000100000000)
  region size 1024K, 37 young (37888K), 5 survivors (5120K)
 Metaspace       used 10604K, capacity 10928K, committed 11264K, reserved 1058816K
  class space    used 1113K, capacity 1213K, committed 1280K, reserved 1048576K
Event: 54.883 GC heap after
Heap after GC invocations=6 (full 0):
 garbage-first heap   total 63488K, used 6423K [0x00000000c0000000, 0x00000000c01001f0, 0x0000000100000000)
  region size 1024K, 5 young (5120K), 5 survivors (5120K)
 Metaspace       used 10604K, capacity 10928K, committed 11264K, reserved 1058816K
  class space    used 1113K, capacity 1213K, committed 1280K, reserved 1048576K
}
Event: 80.746 GC heap before
{Heap before GC invocations=6 (full 0):
 garbage-first heap   total 63488K, used 39191K [0x00000000c0000000, 0x00000000c01001f0, 0x0000000100000000)
  region size 1024K, 37 young (37888K), 5 survivors (5120K)
 Metaspace       used 12200K, capacity 12818K, committed 13056K, reserved 1060864K
  class space    used 1263K, capacity 1442K, committed 1536K, reserved 1048576K
Event: 80.754 GC heap after
Heap after GC invocations=7 (full 0):
 garbage-first heap   total 63488K, used 8777K [0x00000000c0000000, 0x00000000c01001f0, 0x0000000100000000)
  region size 1024K, 5 young (5120K), 5 survivors (5120K)
 Metaspace       used 12200K, capacity 12818K, committed 13056K, reserved 1060864K
  class space    used 1263K, capacity 1442K, committed 1536K, reserved 1048576K
}
Event: 88.306 GC heap before
{Heap before GC invocations=7 (full 0):
 garbage-first heap   total 63488K, used 41545K [0x00000000c0000000, 0x00000000c01001f0, 0x0000000100000000)
  region size 1024K, 37 young (37888K), 5 survivors (5120K)
 Metaspace       used 14136K, capacity 14922K, committed 15104K, reserved 1062912K
  class space    used 1448K, capacity 1675K, committed 1792K, reserved 1048576K
Event: 88.315 GC heap after
Heap after GC invocations=8 (full 0):
 garbage-first heap   total 63488K, used 8265K [0x00000000c0000000, 0x00000000c01001f0, 0x0000000100000000)
  region size 1024K, 5 young (5120K), 5 survivors (5120K)
 Metaspace       used 14136K, capacity 14922K, committed 15104K, reserved 1062912K
  class space    used 1448K, capacity 1675K, committed 1792K, reserved 1048576K
}
Event: 95.287 GC heap before
{Heap before GC invocations=8 (full 0):
 garbage-first heap   total 63488K, used 41033K [0x00000000c0000000, 0x00000000c01001f0, 0x0000000100000000)
  region size 1024K, 37 young (37888K), 5 survivors (5120K)
 Metaspace       used 15930K, capacity 16852K, committed 17024K, reserved 1064960K
  class space    used 1628K, capacity 1893K, committed 1920K, reserved 1048576K
Event: 95.294 GC heap after
Heap after GC invocations=9 (full 0):
 garbage-first heap   total 63488K, used 9819K [0x00000000c0000000, 0x00000000c01001f0, 0x0000000100000000)
  region size 1024K, 5 young (5120K), 5 survivors (5120K)
 Metaspace       used 15930K, capacity 16852K, committed 17024K, reserved 1064960K
  class space    used 1628K, capacity 1893K, committed 1920K, reserved 1048576K
}
Event: 102.077 GC heap before
{Heap before GC invocations=9 (full 0):
 garbage-first heap   total 63488K, used 42587K [0x00000000c0000000, 0x00000000c01001f0, 0x0000000100000000)
  region size 1024K, 37 young (37888K), 5 survivors (5120K)
 Metaspace       used 18381K, capacity 19420K, committed 19584K, reserved 1067008K
  class space    used 1788K, capacity 2088K, committed 2176K, reserved 1048576K
Event: 102.083 GC heap after
Heap after GC invocations=10 (full 0):
 garbage-first heap   total 63488K, used 11465K [0x00000000c0000000, 0x00000000c01001f0, 0x0000000100000000)
  region size 1024K, 5 young (5120K), 5 survivors (5120K)
 Metaspace       used 18381K, capacity 19420K, committed 19584K, reserved 1067008K
  class space    used 1788K, capacity 2088K, committed 2176K, reserved 1048576K
}

