# JRE version: Java(TM) SE Runtime Environment (8.0_171-b11) (build 1.8.0_171-b11)
# Java VM: Java HotSpot(TM) 64-Bit Server VM (25.171-b11 mixed mode windows-amd64 compressed oops)
Heap:
 garbage-first heap   total 63488K, used 22333K [0x00000000c0000000, 0x00000000c01001f0, 0x0000000100000000)
  region size 1024K, 13 young (13312K), 4 survivors (4096K)
 Metaspace       used 20136K, capacity 21422K, committed 21552K, reserved 1069056K
  class space    used 2015K, capacity 2385K, committed 2432K, reserved 1048576K
GC Heap History (10 events):
Event: 2.511 GC heap before
{Heap before GC invocations=5 (full 0):
 garbage-first heap   total 63488K, used 40714K [0x00000000c0000000, 0x00000000c01001f0, 0x0000000100000000)
  region size 1024K, 37 young (37888K), 5 survivors (5120K)
 Metaspace       used 10958K, capacity 11306K, committed 11520K, reserved 1058816K
  class space    used 1157K, capacity 1276K, committed 1280K, reserved 1048576K
Event: 2.515 GC heap after
Heap after GC invocations=6 (full 0):
 garbage-first heap   total 63488K, used 7946K [0x00000000c0000000, 0x00000000c01001f0, 0x0000000100000000)
  region size 1024K, 5 young (5120K), 5 survivors (5120K)
 Metaspace       used 10958K, capacity 11306K, committed 11520K, reserved 1058816K
  class space    used 1157K, capacity 1276K, committed 1280K, reserved 1048576K
}
Event: 3.818 GC heap before
{Heap before GC invocations=6 (full 0):
 garbage-first heap   total 63488K, used 40714K [0x00000000c0000000, 0x00000000c01001f0, 0x0000000100000000)
  region size 1024K, 37 young (37888K), 5 survivors (5120K)
 Metaspace       used 12625K, capacity 13364K, committed 13568K, reserved 1060864K
  class space    used 1318K, capacity 1513K, committed 1536K, reserved 1048576K
Event: 3.824 GC heap after
Heap after GC invocations=7 (full 0):
 garbage-first heap   total 63488K, used 9497K [0x00000000c0000000, 0x00000000c01001f0, 0x0000000100000000)
  region size 1024K, 5 young (5120K), 5 survivors (5120K)
 Metaspace       used 12625K, capacity 13364K, committed 13568K, reserved 1060864K
  class space    used 1318K, capacity 1513K, committed 1536K, reserved 1048576K
}
Event: 4.088 GC heap before
{Heap before GC invocations=7 (full 0):
 garbage-first heap   total 63488K, used 42265K [0x00000000c0000000, 0x00000000c01001f0, 0x0000000100000000)
  region size 1024K, 37 young (37888K), 5 survivors (5120K)
 Metaspace       used 14486K, capacity 15330K, committed 15616K, reserved 1062912K
  class space    used 1500K, capacity 1747K, committed 1792K, reserved 1048576K
Event: 4.095 GC heap after
Heap after GC invocations=8 (full 0):
 garbage-first heap   total 63488K, used 10809K [0x00000000c0000000, 0x00000000c01001f0, 0x0000000100000000)
  region size 1024K, 4 young (4096K), 4 survivors (4096K)
 Metaspace       used 14486K, capacity 15330K, committed 15616K, reserved 1062912K
  class space    used 1500K, capacity 1747K, committed 1792K, reserved 1048576K
}
Event: 4.261 GC heap before
{Heap before GC invocations=8 (full 0):
 garbage-first heap   total 63488K, used 44601K [0x00000000c0000000, 0x00000000c01001f0, 0x0000000100000000)
  region size 1024K, 37 young (37888K), 4 survivors (4096K)
 Metaspace       used 17064K, capacity 18038K, committed 18176K, reserved 1064960K
  class space    used 1697K, capacity 1990K, committed 2048K, reserved 1048576K
Event: 4.267 GC heap after
Heap after GC invocations=9 (full 0):
 garbage-first heap   total 63488K, used 12969K [0x00000000c0000000, 0x00000000c01001f0, 0x0000000100000000)
  region size 1024K, 5 young (5120K), 5 survivors (5120K)
 Metaspace       used 17064K, capacity 18038K, committed 18176K, reserved 1064960K
  class space    used 1697K, capacity 1990K, committed 2048K, reserved 1048576K
}
Event: 4.425 GC heap before
{Heap before GC invocations=9 (full 0):
 garbage-first heap   total 63488K, used 45737K [0x00000000c0000000, 0x00000000c01001f0, 0x0000000100000000)
  region size 1024K, 37 young (37888K), 5 survivors (5120K)
 Metaspace       used 18689K, capacity 19928K, committed 20224K, reserved 1067008K
  class space    used 1836K, capacity 2179K, committed 2304K, reserved 1048576K
Event: 4.431 GC heap after
Heap after GC invocations=10 (full 0):
 garbage-first heap   total 63488K, used 14018K [0x00000000c0000000, 0x00000000c01001f0, 0x0000000100000000)
  region size 1024K, 5 young (5120K), 5 survivors (5120K)
 Metaspace       used 18689K, capacity 19928K, committed 20224K, reserved 1067008K
  class space    used 1836K, capacity 2179K, committed 2304K, reserved 1048576K
}

