# JRE version: Java(TM) SE Runtime Environment (8.0_171-b11) (build 1.8.0_171-b11)
# Java VM: Java HotSpot(TM) 64-Bit Server VM (25.171-b11 mixed mode windows-amd64 compressed oops)
Heap:
 garbage-first heap   total 63488K, used 37239K [0x00000000c0000000, 0x00000000c01001f0, 0x0000000100000000)
  region size 1024K, 33 young (33792K), 5 survivors (5120K)
 Metaspace       used 14275K, capacity 15084K, committed 15360K, reserved 1062912K
  class space    used 1471K, capacity 1708K, committed 1792K, reserved 1048576K
GC Heap History (10 events):
Event: 13.934 GC heap before
{Heap before GC invocations=2 (full 0):
 garbage-first heap   total 63488K, used 37442K [0x00000000c0000000, 0x00000000c01001f0, 0x0000000100000000)
  region size 1024K, 37 young (37888K), 2 survivors (2048K)
 Metaspace       used 5702K, capacity 5962K, committed 6144K, reserved 1056768K
  class space    used 602K, capacity 673K, committed 768K, reserved 1048576K
Event: 13.977 GC heap after
Heap after GC invocations=3 (full 0):
 garbage-first heap   total 63488K, used 3322K [0x00000000c0000000, 0x00000000c01001f0, 0x0000000100000000)
  region size 1024K, 4 young (4096K), 4 survivors (4096K)
 Metaspace       used 5702K, capacity 5962K, committed 6144K, reserved 1056768K
  class space    used 602K, capacity 673K, committed 768K, reserved 1048576K
}
Event: 20.976 GC heap before
{Heap before GC invocations=3 (full 0):
 garbage-first heap   total 63488K, used 37114K [0x00000000c0000000, 0x00000000c01001f0, 0x0000000100000000)
  region size 1024K, 37 young (37888K), 4 survivors (4096K)
 Metaspace       used 7291K, capacity 7530K, committed 7808K, reserved 1056768K
  class space    used 759K, capacity 833K, committed 896K, reserved 1048576K
Event: 20.985 GC heap after
Heap after GC invocations=4 (full 0):
 garbage-first heap   total 63488K, used 6181K [0x00000000c0000000, 0x00000000c01001f0, 0x0000000100000000)
  region size 1024K, 5 young (5120K), 5 survivors (5120K)
 Metaspace       used 7291K, capacity 7530K, committed 7808K, reserved 1056768K
  class space    used 759K, capacity 833K, committed 896K, reserved 1048576K
}
Event: 24.236 GC heap before
{Heap before GC invocations=4 (full 0):
 garbage-first heap   total 63488K, used 38949K [0x00000000c0000000, 0x00000000c01001f0, 0x0000000100000000)
  region size 1024K, 37 young (37888K), 5 survivors (5120K)
 Metaspace       used 8907K, capacity 9278K, committed 9600K, reserved 1058816K
  class space    used 920K, capacity 1046K, committed 1152K, reserved 1048576K
Event: 24.246 GC heap after
Heap after GC invocations=5 (full 0):
 garbage-first heap   total 63488K, used 8612K [0x00000000c0000000, 0x00000000c01001f0, 0x0000000100000000)
  region size 1024K, 5 young (5120K), 5 survivors (5120K)
 Metaspace       used 8907K, capacity 9278K, committed 9600K, reserved 1058816K
  class space    used 920K, capacity 1046K, committed 1152K, reserved 1048576K
}
Event: 30.953 GC heap before
{Heap before GC invocations=5 (full 0):
 garbage-first heap   total 63488K, used 41380K [0x00000000c0000000, 0x00000000c01001f0, 0x0000000100000000)
  region size 1024K, 37 young (37888K), 5 survivors (5120K)
 Metaspace       used 10868K, capacity 11216K, committed 11520K, reserved 1058816K
  class space    used 1145K, capacity 1245K, committed 1280K, reserved 1048576K
Event: 30.958 GC heap after
Heap after GC invocations=6 (full 0):
 garbage-first heap   total 63488K, used 7588K [0x00000000c0000000, 0x00000000c01001f0, 0x0000000100000000)
  region size 1024K, 4 young (4096K), 4 survivors (4096K)
 Metaspace       used 10868K, capacity 11216K, committed 11520K, reserved 1058816K
  class space    used 1145K, capacity 1245K, committed 1280K, reserved 1048576K
}
Event: 51.895 GC heap before
{Heap before GC invocations=6 (full 0):
 garbage-first heap   total 63488K, used 41380K [0x00000000c0000000, 0x00000000c01001f0, 0x0000000100000000)
  region size 1024K, 37 young (37888K), 4 survivors (4096K)
 Metaspace       used 12617K, capacity 13326K, committed 13568K, reserved 1060864K
  class space    used 1311K, capacity 1479K, committed 1536K, reserved 1048576K
Event: 51.904 GC heap after
Heap after GC invocations=7 (full 0):
 garbage-first heap   total 63488K, used 9591K [0x00000000c0000000, 0x00000000c01001f0, 0x0000000100000000)
  region size 1024K, 5 young (5120K), 5 survivors (5120K)
 Metaspace       used 12617K, capacity 13326K, committed 13568K, reserved 1060864K
  class space    used 1311K, capacity 1479K, committed 1536K, reserved 1048576K
}

