# JRE version: Java(TM) SE Runtime Environment (8.0_171-b11) (build 1.8.0_171-b11)
# Java VM: Java HotSpot(TM) 64-Bit Server VM (25.171-b11 mixed mode windows-amd64 compressed oops)
Heap:
 garbage-first heap   total 63488K, used 30197K [0x00000000c0000000, 0x00000000c01001f0, 0x0000000100000000)
  region size 1024K, 9 young (9216K), 4 survivors (4096K)
 Metaspace       used 33252K, capacity 35488K, committed 35584K, reserved 1081344K
  class space    used 3644K, capacity 4348K, committed 4352K, reserved 1048576K
GC Heap History (10 events):
Event: 44.107 GC heap before
{Heap before GC invocations=21 (full 0):
 garbage-first heap   total 63488K, used 50363K [0x00000000c0000000, 0x00000000c01001f0, 0x0000000100000000)
  region size 1024K, 36 young (36864K), 5 survivors (5120K)
 Metaspace       used 29288K, capacity 30946K, committed 31232K, reserved 1077248K
  class space    used 3168K, capacity 3754K, committed 3840K, reserved 1048576K
Event: 44.116 GC heap after
Heap after GC invocations=22 (full 0):
 garbage-first heap   total 63488K, used 22922K [0x00000000c0000000, 0x00000000c01001f0, 0x0000000100000000)
  region size 1024K, 5 young (5120K), 5 survivors (5120K)
 Metaspace       used 29288K, capacity 30946K, committed 31232K, reserved 1077248K
  class space    used 3168K, capacity 3754K, committed 3840K, reserved 1048576K
}
Event: 44.339 GC heap before
{Heap before GC invocations=22 (full 0):
 garbage-first heap   total 63488K, used 50570K [0x00000000c0000000, 0x00000000c01001f0, 0x0000000100000000)
  region size 1024K, 32 young (32768K), 5 survivors (5120K)
 Metaspace       used 30042K, capacity 31904K, committed 32128K, reserved 1077248K
  class space    used 3247K, capacity 3844K, committed 3968K, reserved 1048576K
Event: 44.345 GC heap after
Heap after GC invocations=23 (full 0):
 garbage-first heap   total 63488K, used 26613K [0x00000000c0000000, 0x00000000c01001f0, 0x0000000100000000)
  region size 1024K, 4 young (4096K), 4 survivors (4096K)
 Metaspace       used 30042K, capacity 31904K, committed 32128K, reserved 1077248K
  class space    used 3247K, capacity 3844K, committed 3968K, reserved 1048576K
}
Event: 44.886 GC heap before
{Heap before GC invocations=23 (full 0):
 garbage-first heap   total 63488K, used 52213K [0x00000000c0000000, 0x00000000c01001f0, 0x0000000100000000)
  region size 1024K, 29 young (29696K), 4 survivors (4096K)
 Metaspace       used 30919K, capacity 32888K, committed 33280K, reserved 1079296K
  class space    used 3365K, capacity 3999K, committed 4096K, reserved 1048576K
Event: 44.891 GC heap after
Heap after GC invocations=24 (full 0):
 garbage-first heap   total 63488K, used 26101K [0x00000000c0000000, 0x00000000c01001f0, 0x0000000100000000)
  region size 1024K, 4 young (4096K), 4 survivors (4096K)
 Metaspace       used 30919K, capacity 32888K, committed 33280K, reserved 1079296K
  class space    used 3365K, capacity 3999K, committed 4096K, reserved 1048576K
}
Event: 45.149 GC heap before
{Heap before GC invocations=24 (full 0):
 garbage-first heap   total 63488K, used 51701K [0x00000000c0000000, 0x00000000c01001f0, 0x0000000100000000)
  region size 1024K, 29 young (29696K), 4 survivors (4096K)
 Metaspace       used 31946K, capacity 34072K, committed 34176K, reserved 1079296K
  class space    used 3491K, capacity 4175K, committed 4224K, reserved 1048576K
Event: 45.154 GC heap after
Heap after GC invocations=25 (full 0):
 garbage-first heap   total 63488K, used 26101K [0x00000000c0000000, 0x00000000c01001f0, 0x0000000100000000)
  region size 1024K, 4 young (4096K), 4 survivors (4096K)
 Metaspace       used 31946K, capacity 34072K, committed 34176K, reserved 1079296K
  class space    used 3491K, capacity 4175K, committed 4224K, reserved 1048576K
}
Event: 45.591 GC heap before
{Heap before GC invocations=25 (full 0):
 garbage-first heap   total 63488K, used 51701K [0x00000000c0000000, 0x00000000c01001f0, 0x0000000100000000)
  region size 1024K, 29 young (29696K), 4 survivors (4096K)
 Metaspace       used 33132K, capacity 35410K, committed 35584K, reserved 1081344K
  class space    used 3624K, capacity 4345K, committed 4352K, reserved 1048576K
Event: 45.595 GC heap after
Heap after GC invocations=26 (full 0):
 garbage-first heap   total 63488K, used 26101K [0x00000000c0000000, 0x00000000c01001f0, 0x0000000100000000)
  region size 1024K, 4 young (4096K), 4 survivors (4096K)
 Metaspace       used 33132K, capacity 35410K, committed 35584K, reserved 1081344K
  class space    used 3624K, capacity 4345K, committed 4352K, reserved 1048576K
}

